mode: set
github.com/Fatiri/fat/usecase/exchange/indodax.go:28.46,33.2 1 0
github.com/Fatiri/fat/usecase/exchange/indodax.go:35.121,48.2 2 0
github.com/Fatiri/fat/usecase/exchange/indodax.go:50.85,59.2 2 0
github.com/Fatiri/fat/usecase/exchange/indodax.go:61.114,70.2 2 0
github.com/Fatiri/fat/usecase/exchange/indodax.go:72.133,74.16 2 0
github.com/Fatiri/fat/usecase/exchange/indodax.go:78.2,78.27 1 0
github.com/Fatiri/fat/usecase/exchange/indodax.go:74.16,76.3 1 0
github.com/Fatiri/fat/usecase/exchange/indodax.go:81.133,83.16 2 0
github.com/Fatiri/fat/usecase/exchange/indodax.go:87.2,87.34 1 0
github.com/Fatiri/fat/usecase/exchange/indodax.go:83.16,85.3 1 0
github.com/Fatiri/fat/common/calculator/percentage.go:12.93,16.2 3 1
github.com/Fatiri/fat/common/calculator/percentage.go:18.64,22.23 3 1
github.com/Fatiri/fat/common/calculator/percentage.go:25.2,25.8 1 1
github.com/Fatiri/fat/common/calculator/percentage.go:22.23,24.3 1 1
github.com/Fatiri/fat/common/client/http_client.go:50.13,55.2 1 1
github.com/Fatiri/fat/common/client/http_client.go:57.69,61.16 2 1
github.com/Fatiri/fat/common/client/http_client.go:64.2,64.39 1 1
github.com/Fatiri/fat/common/client/http_client.go:68.2,68.27 1 1
github.com/Fatiri/fat/common/client/http_client.go:76.2,76.29 1 1
github.com/Fatiri/fat/common/client/http_client.go:80.2,81.16 2 1
github.com/Fatiri/fat/common/client/http_client.go:85.2,85.22 1 1
github.com/Fatiri/fat/common/client/http_client.go:61.16,63.3 1 0
github.com/Fatiri/fat/common/client/http_client.go:64.39,66.3 1 1
github.com/Fatiri/fat/common/client/http_client.go:68.27,70.38 2 0
github.com/Fatiri/fat/common/client/http_client.go:73.3,73.36 1 0
github.com/Fatiri/fat/common/client/http_client.go:70.38,72.4 1 0
github.com/Fatiri/fat/common/client/http_client.go:76.29,78.3 1 1
github.com/Fatiri/fat/common/client/http_client.go:81.16,83.3 1 1
github.com/Fatiri/fat/common/client/http_client.go:88.83,90.16 2 1
github.com/Fatiri/fat/common/client/http_client.go:94.2,94.39 1 1
github.com/Fatiri/fat/common/client/http_client.go:98.2,98.29 1 1
github.com/Fatiri/fat/common/client/http_client.go:102.2,102.27 1 1
github.com/Fatiri/fat/common/client/http_client.go:110.2,111.16 2 1
github.com/Fatiri/fat/common/client/http_client.go:115.2,115.22 1 1
github.com/Fatiri/fat/common/client/http_client.go:90.16,92.3 1 0
github.com/Fatiri/fat/common/client/http_client.go:94.39,96.3 1 1
github.com/Fatiri/fat/common/client/http_client.go:98.29,100.3 1 1
github.com/Fatiri/fat/common/client/http_client.go:102.27,104.38 2 0
github.com/Fatiri/fat/common/client/http_client.go:107.3,107.36 1 0
github.com/Fatiri/fat/common/client/http_client.go:104.38,106.4 1 0
github.com/Fatiri/fat/common/client/http_client.go:111.16,113.3 1 1
github.com/Fatiri/fat/common/client/http_client.go:118.80,126.19 3 0
github.com/Fatiri/fat/common/client/http_client.go:130.2,130.22 1 0
github.com/Fatiri/fat/common/client/http_client.go:126.19,128.3 1 0
github.com/Fatiri/fat/common/client/http_client.go:133.64,135.16 2 1
github.com/Fatiri/fat/common/client/http_client.go:139.2,139.18 1 1
github.com/Fatiri/fat/common/client/http_client.go:135.16,137.3 1 0
github.com/Fatiri/fat/common/client/http_client.go:142.85,161.2 1 1
github.com/Fatiri/fat/common/client/http_client.go:163.90,182.2 1 0
github.com/Fatiri/fat/common/client/query.go:5.46,12.2 5 0
github.com/Fatiri/fat/config/Environement.go:19.58,24.2 1 1
github.com/Fatiri/fat/config/Environement.go:26.81,27.79 1 1
github.com/Fatiri/fat/config/Environement.go:47.2,47.8 1 1
github.com/Fatiri/fat/config/Environement.go:27.79,35.17 6 1
github.com/Fatiri/fat/config/Environement.go:39.3,40.17 2 1
github.com/Fatiri/fat/config/Environement.go:35.17,37.4 1 1
github.com/Fatiri/fat/config/Environement.go:40.17,42.4 1 0
github.com/Fatiri/fat/config/Environement.go:43.8,45.3 1 0
github.com/Fatiri/fat/config/config.go:17.57,22.2 1 1
github.com/Fatiri/fat/config/config.go:24.67,26.16 2 1
github.com/Fatiri/fat/config/config.go:29.2,30.16 2 1
github.com/Fatiri/fat/config/config.go:34.2,41.8 2 1
github.com/Fatiri/fat/config/config.go:26.16,28.3 1 1
github.com/Fatiri/fat/config/config.go:30.16,32.3 1 1
github.com/Fatiri/fat/config/storage.go:25.50,29.2 1 0
github.com/Fatiri/fat/config/storage.go:32.62,37.16 2 0
github.com/Fatiri/fat/config/storage.go:41.2,41.32 1 0
github.com/Fatiri/fat/config/storage.go:37.16,39.3 1 0
